# JRE version: OpenJDK Runtime Environment Temurin-17.0.7+7 (17.0.7+7) (build 17.0.7+7)
# Java VM: OpenJDK 64-Bit Server VM Temurin-17.0.7+7 (17.0.7+7, mixed mode, emulated-client, tiered, compressed oops, compressed class ptrs, g1 gc, windows-amd64)
GC Precious Log:
 CPUs: 12 total, 12 available
 Memory: 14188M
 Large Page Support: Disabled
 NUMA Support: Disabled
 Compressed Oops: Enabled (32-bit)
 Heap Region Size: 1M
 Heap Min Capacity: 8M
 Heap Initial Capacity: 222M
 Heap Max Capacity: 1G
 Pre-touch: Disabled
 Parallel Workers: 10
 Concurrent Workers: 3
 Concurrent Refinement Workers: 10
 Periodic GC: Disabled
Heap:
 garbage-first heap   total 270336K, used 96131K [0x00000000c0000000, 0x0000000100000000)
  region size 1024K, 1 young (1024K), 0 survivors (0K)
 Metaspace       used 73629K, committed 74176K, reserved 1114112K
  class space    used 10132K, committed 10368K, reserved 1048576K
GC Heap History (20 events):
Event: 96530.233 GC heap before
{Heap before GC invocations=5607 (full 5187):
 garbage-first heap   total 270336K, used 96131K [0x00000000c0000000, 0x0000000100000000)
  region size 1024K, 1 young (1024K), 0 survivors (0K)
 Metaspace       used 73629K, committed 74176K, reserved 1114112K
  class space    used 10132K, committed 10368K, reserved 1048576K
}
Event: 96530.294 GC heap after
{Heap after GC invocations=5608 (full 5188):
 garbage-first heap   total 270336K, used 96131K [0x00000000c0000000, 0x0000000100000000)
  region size 1024K, 0 young (0K), 0 survivors (0K)
 Metaspace       used 73629K, committed 74176K, reserved 1114112K
  class space    used 10132K, committed 10368K, reserved 1048576K
}
Event: 96540.400 GC heap before
{Heap before GC invocations=5608 (full 5188):
 garbage-first heap   total 270336K, used 96131K [0x00000000c0000000, 0x0000000100000000)
  region size 1024K, 1 young (1024K), 0 survivors (0K)
 Metaspace       used 73629K, committed 74176K, reserved 1114112K
  class space    used 10132K, committed 10368K, reserved 1048576K
}
Event: 96540.458 GC heap after
{Heap after GC invocations=5609 (full 5189):
 garbage-first heap   total 270336K, used 96131K [0x00000000c0000000, 0x0000000100000000)
  region size 1024K, 0 young (0K), 0 survivors (0K)
 Metaspace       used 73629K, committed 74176K, reserved 1114112K
  class space    used 10132K, committed 10368K, reserved 1048576K
}
Event: 96550.578 GC heap before
{Heap before GC invocations=5609 (full 5189):
 garbage-first heap   total 270336K, used 96131K [0x00000000c0000000, 0x0000000100000000)
  region size 1024K, 1 young (1024K), 0 survivors (0K)
 Metaspace       used 73629K, committed 74176K, reserved 1114112K
  class space    used 10132K, committed 10368K, reserved 1048576K
}
Event: 96550.637 GC heap after
{Heap after GC invocations=5610 (full 5190):
 garbage-first heap   total 270336K, used 96131K [0x00000000c0000000, 0x0000000100000000)
  region size 1024K, 0 young (0K), 0 survivors (0K)
 Metaspace       used 73629K, committed 74176K, reserved 1114112K
  class space    used 10132K, committed 10368K, reserved 1048576K
}
Event: 96560.748 GC heap before
{Heap before GC invocations=5610 (full 5190):
 garbage-first heap   total 270336K, used 96131K [0x00000000c0000000, 0x0000000100000000)
  region size 1024K, 1 young (1024K), 0 survivors (0K)
 Metaspace       used 73629K, committed 74176K, reserved 1114112K
  class space    used 10132K, committed 10368K, reserved 1048576K
}
Event: 96560.809 GC heap after
{Heap after GC invocations=5611 (full 5191):
 garbage-first heap   total 270336K, used 96131K [0x00000000c0000000, 0x0000000100000000)
  region size 1024K, 0 young (0K), 0 survivors (0K)
 Metaspace       used 73629K, committed 74176K, reserved 1114112K
  class space    used 10132K, committed 10368K, reserved 1048576K
}
Event: 96570.929 GC heap before
{Heap before GC invocations=5611 (full 5191):
 garbage-first heap   total 270336K, used 96131K [0x00000000c0000000, 0x0000000100000000)
  region size 1024K, 1 young (1024K), 0 survivors (0K)
 Metaspace       used 73629K, committed 74176K, reserved 1114112K
  class space    used 10132K, committed 10368K, reserved 1048576K
}
Event: 96570.994 GC heap after
{Heap after GC invocations=5612 (full 5192):
 garbage-first heap   total 270336K, used 96131K [0x00000000c0000000, 0x0000000100000000)
  region size 1024K, 0 young (0K), 0 survivors (0K)
 Metaspace       used 73629K, committed 74176K, reserved 1114112K
  class space    used 10132K, committed 10368K, reserved 1048576K
}
Event: 96581.113 GC heap before
{Heap before GC invocations=5612 (full 5192):
 garbage-first heap   total 270336K, used 96131K [0x00000000c0000000, 0x0000000100000000)
  region size 1024K, 1 young (1024K), 0 survivors (0K)
 Metaspace       used 73629K, committed 74176K, reserved 1114112K
  class space    used 10132K, committed 10368K, reserved 1048576K
}
Event: 96581.173 GC heap after
{Heap after GC invocations=5613 (full 5193):
 garbage-first heap   total 270336K, used 96131K [0x00000000c0000000, 0x0000000100000000)
  region size 1024K, 0 young (0K), 0 survivors (0K)
 Metaspace       used 73629K, committed 74176K, reserved 1114112K
  class space    used 10132K, committed 10368K, reserved 1048576K
}
Event: 96591.285 GC heap before
{Heap before GC invocations=5613 (full 5193):
 garbage-first heap   total 270336K, used 96131K [0x00000000c0000000, 0x0000000100000000)
  region size 1024K, 1 young (1024K), 0 survivors (0K)
 Metaspace       used 73629K, committed 74176K, reserved 1114112K
  class space    used 10132K, committed 10368K, reserved 1048576K
}
Event: 96591.345 GC heap after
{Heap after GC invocations=5614 (full 5194):
 garbage-first heap   total 270336K, used 96131K [0x00000000c0000000, 0x0000000100000000)
  region size 1024K, 0 young (0K), 0 survivors (0K)
 Metaspace       used 73629K, committed 74176K, reserved 1114112K
  class space    used 10132K, committed 10368K, reserved 1048576K
}
Event: 96601.462 GC heap before
{Heap before GC invocations=5614 (full 5194):
 garbage-first heap   total 270336K, used 96131K [0x00000000c0000000, 0x0000000100000000)
  region size 1024K, 1 young (1024K), 0 survivors (0K)
 Metaspace       used 73629K, committed 74176K, reserved 1114112K
  class space    used 10132K, committed 10368K, reserved 1048576K
}
Event: 96601.523 GC heap after
{Heap after GC invocations=5615 (full 5195):
 garbage-first heap   total 270336K, used 96131K [0x00000000c0000000, 0x0000000100000000)
  region size 1024K, 0 young (0K), 0 survivors (0K)
 Metaspace       used 73629K, committed 74176K, reserved 1114112K
  class space    used 10132K, committed 10368K, reserved 1048576K
}
Event: 96611.643 GC heap before
{Heap before GC invocations=5615 (full 5195):
 garbage-first heap   total 270336K, used 96131K [0x00000000c0000000, 0x0000000100000000)
  region size 1024K, 1 young (1024K), 0 survivors (0K)
 Metaspace       used 73629K, committed 74176K, reserved 1114112K
  class space    used 10132K, committed 10368K, reserved 1048576K
}
Event: 96611.707 GC heap after
{Heap after GC invocations=5616 (full 5196):
 garbage-first heap   total 270336K, used 96131K [0x00000000c0000000, 0x0000000100000000)
  region size 1024K, 0 young (0K), 0 survivors (0K)
 Metaspace       used 73629K, committed 74176K, reserved 1114112K
  class space    used 10132K, committed 10368K, reserved 1048576K
}
Event: 96621.818 GC heap before
{Heap before GC invocations=5616 (full 5196):
 garbage-first heap   total 270336K, used 96131K [0x00000000c0000000, 0x0000000100000000)
  region size 1024K, 1 young (1024K), 0 survivors (0K)
 Metaspace       used 73629K, committed 74176K, reserved 1114112K
  class space    used 10132K, committed 10368K, reserved 1048576K
}
Event: 96621.876 GC heap after
{Heap after GC invocations=5617 (full 5197):
 garbage-first heap   total 270336K, used 96131K [0x00000000c0000000, 0x0000000100000000)
  region size 1024K, 0 young (0K), 0 survivors (0K)
 Metaspace       used 73629K, committed 74176K, reserved 1114112K
  class space    used 10132K, committed 10368K, reserved 1048576K
}

